c:\users\zherdev\documents\visual studio 2013\projects\life\life\release\life.pch
c:\users\zherdev\documents\visual studio 2013\projects\life\life\release\vc120.pdb
c:\users\zherdev\documents\visual studio 2013\projects\life\life\release\stdafx.obj
c:\users\zherdev\documents\visual studio 2013\projects\life\life\release\option.obj
c:\users\zherdev\documents\visual studio 2013\projects\life\life\release\mainfrm.obj
c:\users\zherdev\documents\visual studio 2013\projects\life\life\release\lifeview.obj
c:\users\zherdev\documents\visual studio 2013\projects\life\life\release\lifedoc.obj
c:\users\zherdev\documents\visual studio 2013\projects\life\life\release\life.obj
c:\users\zherdev\documents\visual studio 2013\projects\life\release\life.exe
c:\users\zherdev\documents\visual studio 2013\projects\life\release\life.pdb
c:\users\zherdev\documents\visual studio 2013\projects\life\life\release\life.res
c:\users\zherdev\documents\visual studio 2013\projects\life\life\release\life.tlog\cl.command.1.tlog
c:\users\zherdev\documents\visual studio 2013\projects\life\life\release\life.tlog\cl.read.1.tlog
c:\users\zherdev\documents\visual studio 2013\projects\life\life\release\life.tlog\cl.write.1.tlog
c:\users\zherdev\documents\visual studio 2013\projects\life\life\release\life.tlog\link.command.1.tlog
c:\users\zherdev\documents\visual studio 2013\projects\life\life\release\life.tlog\link.read.1.tlog
c:\users\zherdev\documents\visual studio 2013\projects\life\life\release\life.tlog\link.write.1.tlog
c:\users\zherdev\documents\visual studio 2013\projects\life\life\release\life.tlog\rc.command.1.tlog
c:\users\zherdev\documents\visual studio 2013\projects\life\life\release\life.tlog\rc.read.1.tlog
c:\users\zherdev\documents\visual studio 2013\projects\life\life\release\life.tlog\rc.write.1.tlog
