c:\users\zherdev\documents\visual studio 2013\projects\life\life\debug\life.pch
c:\users\zherdev\documents\visual studio 2013\projects\life\life\debug\vc120.pdb
c:\users\zherdev\documents\visual studio 2013\projects\life\life\debug\vc120.idb
c:\users\zherdev\documents\visual studio 2013\projects\life\life\debug\stdafx.obj
c:\users\zherdev\documents\visual studio 2013\projects\life\life\debug\life.obj
c:\users\zherdev\documents\visual studio 2013\projects\life\life\debug\lifedoc.obj
c:\users\zherdev\documents\visual studio 2013\projects\life\life\debug\lifeview.obj
c:\users\zherdev\documents\visual studio 2013\projects\life\life\debug\mainfrm.obj
c:\users\zherdev\documents\visual studio 2013\projects\life\life\debug\option.obj
c:\users\zherdev\documents\visual studio 2013\projects\life\debug\life.ilk
c:\users\zherdev\documents\visual studio 2013\projects\life\debug\life.exe
c:\users\zherdev\documents\visual studio 2013\projects\life\debug\life.pdb
c:\users\zherdev\documents\visual studio 2013\projects\life\life\debug\life.res
c:\users\zherdev\documents\visual studio 2013\projects\life\life\debug\life.tlog\cl.command.1.tlog
c:\users\zherdev\documents\visual studio 2013\projects\life\life\debug\life.tlog\cl.read.1.tlog
c:\users\zherdev\documents\visual studio 2013\projects\life\life\debug\life.tlog\cl.write.1.tlog
c:\users\zherdev\documents\visual studio 2013\projects\life\life\debug\life.tlog\link.command.1.tlog
c:\users\zherdev\documents\visual studio 2013\projects\life\life\debug\life.tlog\link.read.1.tlog
c:\users\zherdev\documents\visual studio 2013\projects\life\life\debug\life.tlog\link.write.1.tlog
c:\users\zherdev\documents\visual studio 2013\projects\life\life\debug\life.tlog\rc.command.1.tlog
c:\users\zherdev\documents\visual studio 2013\projects\life\life\debug\life.tlog\rc.read.1.tlog
c:\users\zherdev\documents\visual studio 2013\projects\life\life\debug\life.tlog\rc.write.1.tlog
